<?xml version="1.0" encoding="UTF-8"?>
<!-- Generated by org.testng.reporters.JUnitReportReporter -->
<testsuite hostname="A4460L" failures="0" tests="3" name="com.advantageshopping.qa.testcases.RegistrationPageTest" time="34.311" errors="0" timestamp="2024-01-30T16:50:50 IST" skipped="0">
  <testcase classname="com.advantageshopping.qa.testcases.RegistrationPageTest" name="register" time="11.249"/>
  <testcase classname="com.advantageshopping.qa.testcases.RegistrationPageTest" name="register" time="12.122"/>
  <testcase classname="com.advantageshopping.qa.testcases.RegistrationPageTest" name="register" time="10.940"/>
</testsuite> <!-- com.advantageshopping.qa.testcases.RegistrationPageTest -->
